[ 2015-05-11T14:07:45+08:00 ] ::1 /xfq/
ERR: 无法加载数据库驱动: Think\Db\Driver\

[ 2015-05-11T14:13:13+08:00 ] ::1 /xfq/
ERR: 无法加载数据库驱动: Think\Db\Driver\

[ 2015-05-11T14:13:14+08:00 ] ::1 /xfq/
ERR: 无法加载数据库驱动: Think\Db\Driver\

[ 2015-05-11T14:13:15+08:00 ] ::1 /xfq/
ERR: 无法加载数据库驱动: Think\Db\Driver\

[ 2015-05-11T14:13:15+08:00 ] ::1 /xfq/
ERR: 无法加载数据库驱动: Think\Db\Driver\

[ 2015-05-11T14:14:14+08:00 ] ::1 /xfq/
ERR: 无法加载数据库驱动: Think\Db\Driver\

[ 2015-05-11T14:14:15+08:00 ] ::1 /xfq/
ERR: 无法加载数据库驱动: Think\Db\Driver\

[ 2015-05-11T14:14:15+08:00 ] ::1 /xfq/
ERR: 无法加载数据库驱动: Think\Db\Driver\

[ 2015-05-11T14:14:15+08:00 ] ::1 /xfq/
ERR: 无法加载数据库驱动: Think\Db\Driver\

[ 2015-05-11T14:14:15+08:00 ] ::1 /xfq/
ERR: 无法加载数据库驱动: Think\Db\Driver\

[ 2015-05-11T14:14:15+08:00 ] ::1 /xfq/
ERR: 无法加载数据库驱动: Think\Db\Driver\

[ 2015-05-11T14:14:15+08:00 ] ::1 /xfq/
ERR: 无法加载数据库驱动: Think\Db\Driver\

[ 2015-05-11T14:14:16+08:00 ] ::1 /xfq/
ERR: 无法加载数据库驱动: Think\Db\Driver\

[ 2015-05-11T14:14:16+08:00 ] ::1 /xfq/
ERR: 无法加载数据库驱动: Think\Db\Driver\

[ 2015-05-11T14:14:16+08:00 ] ::1 /xfq/
ERR: 无法加载数据库驱动: Think\Db\Driver\

[ 2015-05-11T14:14:16+08:00 ] ::1 /xfq/
ERR: 无法加载数据库驱动: Think\Db\Driver\

[ 2015-05-11T14:14:16+08:00 ] ::1 /xfq/
ERR: 无法加载数据库驱动: Think\Db\Driver\

[ 2015-05-11T14:14:16+08:00 ] ::1 /xfq/
ERR: 无法加载数据库驱动: Think\Db\Driver\

[ 2015-05-11T14:16:36+08:00 ] ::1 /xfq/
ERR: 无法加载数据库驱动: Think\Db\Driver\

[ 2015-05-11T14:16:37+08:00 ] ::1 /xfq/
ERR: 无法加载数据库驱动: Think\Db\Driver\

[ 2015-05-11T14:16:37+08:00 ] ::1 /xfq/
ERR: 无法加载数据库驱动: Think\Db\Driver\

[ 2015-05-11T14:16:38+08:00 ] ::1 /xfq/
ERR: 无法加载数据库驱动: Think\Db\Driver\

[ 2015-05-11T14:16:38+08:00 ] ::1 /xfq/
ERR: 无法加载数据库驱动: Think\Db\Driver\

[ 2015-05-11T14:16:38+08:00 ] ::1 /xfq/
ERR: 无法加载数据库驱动: Think\Db\Driver\

[ 2015-05-11T14:16:38+08:00 ] ::1 /xfq/
ERR: 无法加载数据库驱动: Think\Db\Driver\

[ 2015-05-11T14:17:04+08:00 ] ::1 /xfq/
INFO: [ app_init ] --START--
INFO: Run Behavior\BuildLiteBehavior [ RunTime:0.000000s ]
INFO: [ app_init ] --END-- [ RunTime:0.002000s ]
INFO: [ app_begin ] --START--
INFO: Run Behavior\ReadHtmlCacheBehavior [ RunTime:0.001000s ]
INFO: [ app_begin ] --END-- [ RunTime:0.001000s ]

[ 2015-05-11T14:17:05+08:00 ] ::1 /xfq/
INFO: [ app_init ] --START--
INFO: Run Behavior\BuildLiteBehavior [ RunTime:0.000000s ]
INFO: [ app_init ] --END-- [ RunTime:0.001000s ]
INFO: [ app_begin ] --START--
INFO: Run Behavior\ReadHtmlCacheBehavior [ RunTime:0.002000s ]
INFO: [ app_begin ] --END-- [ RunTime:0.003000s ]

[ 2015-05-11T14:17:05+08:00 ] ::1 /xfq/
INFO: [ app_init ] --START--
INFO: Run Behavior\BuildLiteBehavior [ RunTime:0.000000s ]
INFO: [ app_init ] --END-- [ RunTime:0.001000s ]
INFO: [ app_begin ] --START--
INFO: Run Behavior\ReadHtmlCacheBehavior [ RunTime:0.002000s ]
INFO: [ app_begin ] --END-- [ RunTime:0.003000s ]

[ 2015-05-11T14:17:05+08:00 ] ::1 /xfq/
INFO: [ app_init ] --START--
INFO: Run Behavior\BuildLiteBehavior [ RunTime:0.000000s ]
INFO: [ app_init ] --END-- [ RunTime:0.002000s ]
INFO: [ app_begin ] --START--
INFO: Run Behavior\ReadHtmlCacheBehavior [ RunTime:0.003000s ]
INFO: [ app_begin ] --END-- [ RunTime:0.003000s ]

[ 2015-05-11T14:17:17+08:00 ] ::1 /xfq/
INFO: [ app_init ] --START--
INFO: Run Behavior\BuildLiteBehavior [ RunTime:0.000000s ]
INFO: [ app_init ] --END-- [ RunTime:0.001000s ]
INFO: [ app_begin ] --START--
INFO: Run Behavior\ReadHtmlCacheBehavior [ RunTime:0.002000s ]
INFO: [ app_begin ] --END-- [ RunTime:0.002000s ]

[ 2015-05-11T14:17:46+08:00 ] ::1 /xfq/
INFO: [ app_init ] --START--
INFO: Run Behavior\BuildLiteBehavior [ RunTime:0.000000s ]
INFO: [ app_init ] --END-- [ RunTime:0.002000s ]
INFO: [ app_begin ] --START--
INFO: Run Behavior\ReadHtmlCacheBehavior [ RunTime:0.004000s ]
INFO: [ app_begin ] --END-- [ RunTime:0.004000s ]
SQL: SHOW COLUMNS FROM `xfq_store` [ RunTime:0.0200s ]

[ 2015-05-11T14:17:47+08:00 ] ::1 /xfq/
INFO: [ app_init ] --START--
INFO: Run Behavior\BuildLiteBehavior [ RunTime:0.001000s ]
INFO: [ app_init ] --END-- [ RunTime:0.003000s ]
INFO: [ app_begin ] --START--
INFO: Run Behavior\ReadHtmlCacheBehavior [ RunTime:0.002000s ]
INFO: [ app_begin ] --END-- [ RunTime:0.003000s ]
SQL: SHOW COLUMNS FROM `xfq_store` [ RunTime:0.0170s ]

[ 2015-05-11T14:17:48+08:00 ] ::1 /xfq/
INFO: [ app_init ] --START--
INFO: Run Behavior\BuildLiteBehavior [ RunTime:0.000000s ]
INFO: [ app_init ] --END-- [ RunTime:0.002000s ]
INFO: [ app_begin ] --START--
INFO: Run Behavior\ReadHtmlCacheBehavior [ RunTime:0.003000s ]
INFO: [ app_begin ] --END-- [ RunTime:0.004000s ]
SQL: SHOW COLUMNS FROM `xfq_store` [ RunTime:0.0320s ]

[ 2015-05-11T14:17:48+08:00 ] ::1 /xfq/
INFO: [ app_init ] --START--
INFO: Run Behavior\BuildLiteBehavior [ RunTime:0.001000s ]
INFO: [ app_init ] --END-- [ RunTime:0.002000s ]
INFO: [ app_begin ] --START--
INFO: Run Behavior\ReadHtmlCacheBehavior [ RunTime:0.003000s ]
INFO: [ app_begin ] --END-- [ RunTime:0.005000s ]
SQL: SHOW COLUMNS FROM `xfq_store` [ RunTime:0.0230s ]

[ 2015-05-11T14:17:48+08:00 ] ::1 /xfq/
INFO: [ app_init ] --START--
INFO: Run Behavior\BuildLiteBehavior [ RunTime:0.000000s ]
INFO: [ app_init ] --END-- [ RunTime:0.003000s ]
INFO: [ app_begin ] --START--
INFO: Run Behavior\ReadHtmlCacheBehavior [ RunTime:0.002000s ]
INFO: [ app_begin ] --END-- [ RunTime:0.002000s ]
SQL: SHOW COLUMNS FROM `xfq_store` [ RunTime:0.0190s ]

[ 2015-05-11T14:18:01+08:00 ] ::1 /xfq/
INFO: [ app_init ] --START--
INFO: Run Behavior\BuildLiteBehavior [ RunTime:0.000000s ]
INFO: [ app_init ] --END-- [ RunTime:0.002000s ]
INFO: [ app_begin ] --START--
INFO: Run Behavior\ReadHtmlCacheBehavior [ RunTime:0.004000s ]
INFO: [ app_begin ] --END-- [ RunTime:0.004000s ]
SQL: SHOW COLUMNS FROM `xfq_store` [ RunTime:0.0230s ]

[ 2015-05-11T14:18:02+08:00 ] ::1 /xfq/
INFO: [ app_init ] --START--
INFO: Run Behavior\BuildLiteBehavior [ RunTime:0.000000s ]
INFO: [ app_init ] --END-- [ RunTime:0.002000s ]
INFO: [ app_begin ] --START--
INFO: Run Behavior\ReadHtmlCacheBehavior [ RunTime:0.004000s ]
INFO: [ app_begin ] --END-- [ RunTime:0.004000s ]
SQL: SHOW COLUMNS FROM `xfq_store` [ RunTime:0.0140s ]

[ 2015-05-11T14:18:02+08:00 ] ::1 /xfq/
INFO: [ app_init ] --START--
INFO: Run Behavior\BuildLiteBehavior [ RunTime:0.000000s ]
INFO: [ app_init ] --END-- [ RunTime:0.002000s ]
INFO: [ app_begin ] --START--
INFO: Run Behavior\ReadHtmlCacheBehavior [ RunTime:0.001000s ]
INFO: [ app_begin ] --END-- [ RunTime:0.001000s ]
SQL: SHOW COLUMNS FROM `xfq_store` [ RunTime:0.0190s ]

[ 2015-05-11T14:18:03+08:00 ] ::1 /xfq/
INFO: [ app_init ] --START--
INFO: Run Behavior\BuildLiteBehavior [ RunTime:0.001000s ]
INFO: [ app_init ] --END-- [ RunTime:0.002000s ]
INFO: [ app_begin ] --START--
INFO: Run Behavior\ReadHtmlCacheBehavior [ RunTime:0.002000s ]
INFO: [ app_begin ] --END-- [ RunTime:0.002000s ]
SQL: SHOW COLUMNS FROM `xfq_store` [ RunTime:0.0230s ]

[ 2015-05-11T14:18:03+08:00 ] ::1 /xfq/
INFO: [ app_init ] --START--
INFO: Run Behavior\BuildLiteBehavior [ RunTime:0.000000s ]
INFO: [ app_init ] --END-- [ RunTime:0.002000s ]
INFO: [ app_begin ] --START--
INFO: Run Behavior\ReadHtmlCacheBehavior [ RunTime:0.002000s ]
INFO: [ app_begin ] --END-- [ RunTime:0.003000s ]
SQL: SHOW COLUMNS FROM `xfq_store` [ RunTime:0.0190s ]

[ 2015-05-11T14:18:12+08:00 ] ::1 /xfq/
INFO: [ app_init ] --START--
INFO: Run Behavior\BuildLiteBehavior [ RunTime:0.000000s ]
INFO: [ app_init ] --END-- [ RunTime:0.001000s ]
INFO: [ app_begin ] --START--
INFO: Run Behavior\ReadHtmlCacheBehavior [ RunTime:0.001000s ]
INFO: [ app_begin ] --END-- [ RunTime:0.001000s ]
NOTIC: [2] PDO::__construct(): php_network_getaddresses: getaddrinfo failed: No such host is known.  C:\xampp\htdocs\xfq\core\Library\Think\Db\Driver.class.php 第 103 行.
ERR: SQLSTATE[HY000] [2002] php_network_getaddresses: getaddrinfo failed: No such host is known. 

[ 2015-05-11T14:25:21+08:00 ] ::1 /xfq/
INFO: [ app_init ] --START--
INFO: Run Behavior\BuildLiteBehavior [ RunTime:0.001000s ]
INFO: [ app_init ] --END-- [ RunTime:0.006000s ]
INFO: [ app_begin ] --START--
INFO: Run Behavior\ReadHtmlCacheBehavior [ RunTime:0.006000s ]
INFO: [ app_begin ] --END-- [ RunTime:0.007000s ]
SQL: SHOW COLUMNS FROM `xfq_store` [ RunTime:0.0350s ]

[ 2015-05-11T14:26:25+08:00 ] ::1 /xfq/
INFO: [ app_init ] --START--
INFO: Run Behavior\BuildLiteBehavior [ RunTime:0.000000s ]
INFO: [ app_init ] --END-- [ RunTime:0.001000s ]
INFO: [ app_begin ] --START--
INFO: Run Behavior\ReadHtmlCacheBehavior [ RunTime:0.005000s ]
INFO: [ app_begin ] --END-- [ RunTime:0.005000s ]

[ 2015-05-11T14:26:34+08:00 ] ::1 /xfq/
INFO: [ app_init ] --START--
INFO: Run Behavior\BuildLiteBehavior [ RunTime:0.001000s ]
INFO: [ app_init ] --END-- [ RunTime:0.002000s ]
INFO: [ app_begin ] --START--
INFO: Run Behavior\ReadHtmlCacheBehavior [ RunTime:0.004000s ]
INFO: [ app_begin ] --END-- [ RunTime:0.004000s ]
SQL: SHOW COLUMNS FROM `xfq_store` [ RunTime:0.0250s ]
SQL: SELECT * FROM `xfq_store`  [ RunTime:0.0000s ]

[ 2015-05-11T14:27:06+08:00 ] ::1 /xfq/
INFO: [ app_init ] --START--
INFO: Run Behavior\BuildLiteBehavior [ RunTime:0.000000s ]
INFO: [ app_init ] --END-- [ RunTime:0.004000s ]
INFO: [ app_begin ] --START--
INFO: Run Behavior\ReadHtmlCacheBehavior [ RunTime:0.007000s ]
INFO: [ app_begin ] --END-- [ RunTime:0.007000s ]
SQL: SHOW COLUMNS FROM `xfq_store` [ RunTime:0.0150s ]
SQL: SELECT * FROM `xfq_store`  [ RunTime:0.0020s ]

